Построение начато 11.08.2023 14:07:07.
     1>Проект "c:\Users\limon\OneDrive\документы\visual studio 2010\Projects\Контест С++ Задача Мост\Контест С++ Задача Мост\Контест С++ Задача Мост.vcxproj" в узле 2 (целевые объекты build).
     1>InitializeBuildStatus:
         Обращение к "Debug\Контест С++ Задача Мост.unsuccessfulbuild".
       ClCompile:
         Для всех выходных данных обновления не требуется.
         C:\Program Files (x86)\Microsoft Visual Studio 10.0\VC\bin\CL.exe /c /ZI /nologo /W3 /WX- /Od /Oy- /D WIN32 /D _DEBUG /D _CONSOLE /D _UNICODE /D UNICODE /Gm /EHsc /RTC1 /MDd /GS /fp:precise /Zc:wchar_t /Zc:forScope /Yu"StdAfx.h" /Fp"Debug\Контест С++ Задача Мост.pch" /Fo"Debug\\" /Fd"Debug\vc100.pdb" /Gd /TP /analyze- /errorReport:prompt "Контест С++ Задача Мост.cpp"
         Контест С++ Задача Мост.cpp
     1>c:\users\limon\onedrive\документы\visual studio 2010\projects\контест с++ задача мост\контест с++ задача мост\контест с++ задача мост.cpp(1): warning C4627: #include <string>: пропущен при поиске использования предкомпилированного заголовка
                 Добавление директивы в "StdAfx.h" или перестройка предкомпилированного заголовка
     1>c:\users\limon\onedrive\документы\visual studio 2010\projects\контест с++ задача мост\контест с++ задача мост\контест с++ задача мост.cpp(2): warning C4627: #include <cmath>: пропущен при поиске использования предкомпилированного заголовка
                 Добавление директивы в "StdAfx.h" или перестройка предкомпилированного заголовка
     1>c:\users\limon\onedrive\документы\visual studio 2010\projects\контест с++ задача мост\контест с++ задача мост\контест с++ задача мост.cpp(16): error C2039: string: не является членом "std"
     1>c:\users\limon\onedrive\документы\visual studio 2010\projects\контест с++ задача мост\контест с++ задача мост\контест с++ задача мост.cpp(16): error C2146: синтаксическая ошибка: отсутствие ";" перед идентификатором "who_are_you"
     1>c:\users\limon\onedrive\документы\visual studio 2010\projects\контест с++ задача мост\контест с++ задача мост\контест с++ задача мост.cpp(16): error C2433: Figure::string: "virtual" не разрешается для объявлений данных
     1>c:\users\limon\onedrive\документы\visual studio 2010\projects\контест с++ задача мост\контест с++ задача мост\контест с++ задача мост.cpp(16): error C4430: отсутствует спецификатор типа - предполагается int. Примечание. C++ не поддерживает int по умолчанию
     1>c:\users\limon\onedrive\документы\visual studio 2010\projects\контест с++ задача мост\контест с++ задача мост\контест с++ задача мост.cpp(16): error C4430: отсутствует спецификатор типа - предполагается int. Примечание. C++ не поддерживает int по умолчанию
     1>c:\users\limon\onedrive\документы\visual studio 2010\projects\контест с++ задача мост\контест с++ задача мост\контест с++ задача мост.cpp(16): warning C4183: who_are_you: отсутствие возвращаемого типа; предполагается функция-член, возвращающая "int"
     1>c:\users\limon\onedrive\документы\visual studio 2010\projects\контест с++ задача мост\контест с++ задача мост\контест с++ задача мост.cpp(16): error C2253: Figure::who_are_you: в виртуальной функции допускаются только чистый спецификатор или абстрактный спецификатор переопределения
     1>c:\users\limon\onedrive\документы\visual studio 2010\projects\контест с++ задача мост\контест с++ задача мост\контест с++ задача мост.cpp(43): error C2039: string: не является членом "std"
     1>c:\users\limon\onedrive\документы\visual studio 2010\projects\контест с++ задача мост\контест с++ задача мост\контест с++ задача мост.cpp(43): error C2146: синтаксическая ошибка: отсутствие ";" перед идентификатором "who_are_you"
     1>c:\users\limon\onedrive\документы\visual studio 2010\projects\контест с++ задача мост\контест с++ задача мост\контест с++ задача мост.cpp(43): error C2433: Triangle::string: "virtual" не разрешается для объявлений данных
     1>c:\users\limon\onedrive\документы\visual studio 2010\projects\контест с++ задача мост\контест с++ задача мост\контест с++ задача мост.cpp(43): error C4430: отсутствует спецификатор типа - предполагается int. Примечание. C++ не поддерживает int по умолчанию
     1>c:\users\limon\onedrive\документы\visual studio 2010\projects\контест с++ задача мост\контест с++ задача мост\контест с++ задача мост.cpp(44): error C4430: отсутствует спецификатор типа - предполагается int. Примечание. C++ не поддерживает int по умолчанию
     1>c:\users\limon\onedrive\документы\visual studio 2010\projects\контест с++ задача мост\контест с++ задача мост\контест с++ задача мост.cpp(46): warning C4183: who_are_you: отсутствие возвращаемого типа; предполагается функция-член, возвращающая "int"
     1>c:\users\limon\onedrive\документы\visual studio 2010\projects\контест с++ задача мост\контест с++ задача мост\контест с++ задача мост.cpp(43): error C3668: Triangle::who_are_you: метод со спецификатором переопределения "override" не переопределяет какие-либо методы базового класса
     1>c:\users\limon\onedrive\документы\visual studio 2010\projects\контест с++ задача мост\контест с++ задача мост\контест с++ задача мост.cpp(33): error C3861: sqrt: идентификатор не найден
     1>c:\users\limon\onedrive\документы\visual studio 2010\projects\контест с++ задача мост\контест с++ задача мост\контест с++ задача мост.cpp(45): error C2440: return: невозможно преобразовать "const char [12]" в "int"
                 Не существует контекста, в котором такое преобразование возможно
     1>c:\users\limon\onedrive\документы\visual studio 2010\projects\контест с++ задача мост\контест с++ задача мост\контест с++ задача мост.cpp(71): error C2039: string: не является членом "std"
     1>c:\users\limon\onedrive\документы\visual studio 2010\projects\контест с++ задача мост\контест с++ задача мост\контест с++ задача мост.cpp(71): error C2146: синтаксическая ошибка: отсутствие ";" перед идентификатором "who_are_you"
     1>c:\users\limon\onedrive\документы\visual studio 2010\projects\контест с++ задача мост\контест с++ задача мост\контест с++ задача мост.cpp(71): error C2433: Rectangle::string: "virtual" не разрешается для объявлений данных
     1>c:\users\limon\onedrive\документы\visual studio 2010\projects\контест с++ задача мост\контест с++ задача мост\контест с++ задача мост.cpp(71): error C4430: отсутствует спецификатор типа - предполагается int. Примечание. C++ не поддерживает int по умолчанию
     1>c:\users\limon\onedrive\документы\visual studio 2010\projects\контест с++ задача мост\контест с++ задача мост\контест с++ задача мост.cpp(72): error C4430: отсутствует спецификатор типа - предполагается int. Примечание. C++ не поддерживает int по умолчанию
     1>c:\users\limon\onedrive\документы\visual studio 2010\projects\контест с++ задача мост\контест с++ задача мост\контест с++ задача мост.cpp(74): warning C4183: who_are_you: отсутствие возвращаемого типа; предполагается функция-член, возвращающая "int"
     1>c:\users\limon\onedrive\документы\visual studio 2010\projects\контест с++ задача мост\контест с++ задача мост\контест с++ задача мост.cpp(71): error C3668: Rectangle::who_are_you: метод со спецификатором переопределения "override" не переопределяет какие-либо методы базового класса
     1>c:\users\limon\onedrive\документы\visual studio 2010\projects\контест с++ задача мост\контест с++ задача мост\контест с++ задача мост.cpp(73): error C2440: return: невозможно преобразовать "const char [14]" в "int"
                 Не существует контекста, в котором такое преобразование возможно
     1>c:\users\limon\onedrive\документы\visual studio 2010\projects\контест с++ задача мост\контест с++ задача мост\контест с++ задача мост.cpp(87): error C2039: string: не является членом "std"
     1>c:\users\limon\onedrive\документы\visual studio 2010\projects\контест с++ задача мост\контест с++ задача мост\контест с++ задача мост.cpp(87): error C2146: синтаксическая ошибка: отсутствие ";" перед идентификатором "who_are_you"
     1>c:\users\limon\onedrive\документы\visual studio 2010\projects\контест с++ задача мост\контест с++ задача мост\контест с++ задача мост.cpp(87): error C2433: Square::string: "virtual" не разрешается для объявлений данных
     1>c:\users\limon\onedrive\документы\visual studio 2010\projects\контест с++ задача мост\контест с++ задача мост\контест с++ задача мост.cpp(87): error C4430: отсутствует спецификатор типа - предполагается int. Примечание. C++ не поддерживает int по умолчанию
     1>c:\users\limon\onedrive\документы\visual studio 2010\projects\контест с++ задача мост\контест с++ задача мост\контест с++ задача мост.cpp(88): error C4430: отсутствует спецификатор типа - предполагается int. Примечание. C++ не поддерживает int по умолчанию
     1>c:\users\limon\onedrive\документы\visual studio 2010\projects\контест с++ задача мост\контест с++ задача мост\контест с++ задача мост.cpp(90): warning C4183: who_are_you: отсутствие возвращаемого типа; предполагается функция-член, возвращающая "int"
     1>c:\users\limon\onedrive\документы\visual studio 2010\projects\контест с++ задача мост\контест с++ задача мост\контест с++ задача мост.cpp(87): error C3668: Square::who_are_you: метод со спецификатором переопределения "override" не переопределяет какие-либо методы базового класса
     1>c:\users\limon\onedrive\документы\visual studio 2010\projects\контест с++ задача мост\контест с++ задача мост\контест с++ задача мост.cpp(89): error C2440: return: невозможно преобразовать "const char [8]" в "int"
                 Не существует контекста, в котором такое преобразование возможно
     1>c:\users\limon\onedrive\документы\visual studio 2010\projects\контест с++ задача мост\контест с++ задача мост\контест с++ задача мост.cpp(106): error C2039: string: не является членом "std"
     1>c:\users\limon\onedrive\документы\visual studio 2010\projects\контест с++ задача мост\контест с++ задача мост\контест с++ задача мост.cpp(106): error C2146: синтаксическая ошибка: отсутствие ";" перед идентификатором "get_name"
     1>c:\users\limon\onedrive\документы\visual studio 2010\projects\контест с++ задача мост\контест с++ задача мост\контест с++ задача мост.cpp(106): error C2433: Color::string: "virtual" не разрешается для объявлений данных
     1>c:\users\limon\onedrive\документы\visual studio 2010\projects\контест с++ задача мост\контест с++ задача мост\контест с++ задача мост.cpp(106): error C4430: отсутствует спецификатор типа - предполагается int. Примечание. C++ не поддерживает int по умолчанию
     1>c:\users\limon\onedrive\документы\visual studio 2010\projects\контест с++ задача мост\контест с++ задача мост\контест с++ задача мост.cpp(106): error C4430: отсутствует спецификатор типа - предполагается int. Примечание. C++ не поддерживает int по умолчанию
     1>c:\users\limon\onedrive\документы\visual studio 2010\projects\контест с++ задача мост\контест с++ задача мост\контест с++ задача мост.cpp(106): warning C4183: get_name: отсутствие возвращаемого типа; предполагается функция-член, возвращающая "int"
     1>c:\users\limon\onedrive\документы\visual studio 2010\projects\контест с++ задача мост\контест с++ задача мост\контест с++ задача мост.cpp(106): error C2253: Color::get_name: в виртуальной функции допускаются только чистый спецификатор или абстрактный спецификатор переопределения
     1>c:\users\limon\onedrive\документы\visual studio 2010\projects\контест с++ задача мост\контест с++ задача мост\контест с++ задача мост.cpp(117): error C2039: string: не является членом "std"
     1>c:\users\limon\onedrive\документы\visual studio 2010\projects\контест с++ задача мост\контест с++ задача мост\контест с++ задача мост.cpp(117): error C2146: синтаксическая ошибка: отсутствие ";" перед идентификатором "get_name"
     1>c:\users\limon\onedrive\документы\visual studio 2010\projects\контест с++ задача мост\контест с++ задача мост\контест с++ задача мост.cpp(117): error C2433: Red::string: "virtual" не разрешается для объявлений данных
     1>c:\users\limon\onedrive\документы\visual studio 2010\projects\контест с++ задача мост\контест с++ задача мост\контест с++ задача мост.cpp(117): error C4430: отсутствует спецификатор типа - предполагается int. Примечание. C++ не поддерживает int по умолчанию
     1>c:\users\limon\onedrive\документы\visual studio 2010\projects\контест с++ задача мост\контест с++ задача мост\контест с++ задача мост.cpp(118): error C4430: отсутствует спецификатор типа - предполагается int. Примечание. C++ не поддерживает int по умолчанию
     1>c:\users\limon\onedrive\документы\visual studio 2010\projects\контест с++ задача мост\контест с++ задача мост\контест с++ задача мост.cpp(120): warning C4183: get_name: отсутствие возвращаемого типа; предполагается функция-член, возвращающая "int"
     1>c:\users\limon\onedrive\документы\visual studio 2010\projects\контест с++ задача мост\контест с++ задача мост\контест с++ задача мост.cpp(117): error C3668: Red::get_name: метод со спецификатором переопределения "override" не переопределяет какие-либо методы базового класса
     1>c:\users\limon\onedrive\документы\visual studio 2010\projects\контест с++ задача мост\контест с++ задача мост\контест с++ задача мост.cpp(119): error C2440: return: невозможно преобразовать "const char [4]" в "int"
                 Не существует контекста, в котором такое преобразование возможно
     1>c:\users\limon\onedrive\документы\visual studio 2010\projects\контест с++ задача мост\контест с++ задача мост\контест с++ задача мост.cpp(124): error C2143: синтаксическая ошибка: отсутствие ";" перед "{"
     1>c:\users\limon\onedrive\документы\visual studio 2010\projects\контест с++ задача мост\контест с++ задача мост\контест с++ задача мост.cpp(124): error C2275: RGB: недопустимое использование этого типа в качестве выражения
                 c:\users\limon\onedrive\документы\visual studio 2010\projects\контест с++ задача мост\контест с++ задача мост\контест с++ задача мост.cpp(97): см. объявление "RGB"
     1>c:\users\limon\onedrive\документы\visual studio 2010\projects\контест с++ задача мост\контест с++ задача мост\контест с++ задача мост.cpp(124): error C2143: синтаксическая ошибка: отсутствие ";" перед "}"
     1>c:\users\limon\onedrive\документы\visual studio 2010\projects\контест с++ задача мост\контест с++ задача мост\контест с++ задача мост.cpp(133): error C2039: string: не является членом "std"
     1>c:\users\limon\onedrive\документы\visual studio 2010\projects\контест с++ задача мост\контест с++ задача мост\контест с++ задача мост.cpp(133): error C2146: синтаксическая ошибка: отсутствие ";" перед идентификатором "get_name"
     1>c:\users\limon\onedrive\документы\visual studio 2010\projects\контест с++ задача мост\контест с++ задача мост\контест с++ задача мост.cpp(133): error C2433: Blue::string: "virtual" не разрешается для объявлений данных
     1>c:\users\limon\onedrive\документы\visual studio 2010\projects\контест с++ задача мост\контест с++ задача мост\контест с++ задача мост.cpp(133): error C4430: отсутствует спецификатор типа - предполагается int. Примечание. C++ не поддерживает int по умолчанию
     1>c:\users\limon\onedrive\документы\visual studio 2010\projects\контест с++ задача мост\контест с++ задача мост\контест с++ задача мост.cpp(134): error C4430: отсутствует спецификатор типа - предполагается int. Примечание. C++ не поддерживает int по умолчанию
     1>c:\users\limon\onedrive\документы\visual studio 2010\projects\контест с++ задача мост\контест с++ задача мост\контест с++ задача мост.cpp(136): warning C4183: get_name: отсутствие возвращаемого типа; предполагается функция-член, возвращающая "int"
     1>c:\users\limon\onedrive\документы\visual studio 2010\projects\контест с++ задача мост\контест с++ задача мост\контест с++ задача мост.cpp(133): error C3668: Blue::get_name: метод со спецификатором переопределения "override" не переопределяет какие-либо методы базового класса
     1>c:\users\limon\onedrive\документы\visual studio 2010\projects\контест с++ задача мост\контест с++ задача мост\контест с++ задача мост.cpp(135): error C2440: return: невозможно преобразовать "const char [5]" в "int"
                 Не существует контекста, в котором такое преобразование возможно
     1>c:\users\limon\onedrive\документы\visual studio 2010\projects\контест с++ задача мост\контест с++ задача мост\контест с++ задача мост.cpp(140): error C2143: синтаксическая ошибка: отсутствие ";" перед "{"
     1>c:\users\limon\onedrive\документы\visual studio 2010\projects\контест с++ задача мост\контест с++ задача мост\контест с++ задача мост.cpp(140): error C2275: RGB: недопустимое использование этого типа в качестве выражения
                 c:\users\limon\onedrive\документы\visual studio 2010\projects\контест с++ задача мост\контест с++ задача мост\контест с++ задача мост.cpp(97): см. объявление "RGB"
     1>c:\users\limon\onedrive\документы\visual studio 2010\projects\контест с++ задача мост\контест с++ задача мост\контест с++ задача мост.cpp(140): error C2143: синтаксическая ошибка: отсутствие ";" перед "}"
     1>c:\users\limon\onedrive\документы\visual studio 2010\projects\контест с++ задача мост\контест с++ задача мост\контест с++ задача мост.cpp(152): error C2039: string: не является членом "std"
     1>c:\users\limon\onedrive\документы\visual studio 2010\projects\контест с++ задача мост\контест с++ задача мост\контест с++ задача мост.cpp(152): error C2146: синтаксическая ошибка: отсутствие ";" перед идентификатором "who_are_you"
     1>c:\users\limon\onedrive\документы\visual studio 2010\projects\контест с++ задача мост\контест с++ задача мост\контест с++ задача мост.cpp(152): error C2433: RedTriangle::string: "virtual" не разрешается для объявлений данных
     1>c:\users\limon\onedrive\документы\visual studio 2010\projects\контест с++ задача мост\контест с++ задача мост\контест с++ задача мост.cpp(152): error C4430: отсутствует спецификатор типа - предполагается int. Примечание. C++ не поддерживает int по умолчанию
     1>c:\users\limon\onedrive\документы\visual studio 2010\projects\контест с++ задача мост\контест с++ задача мост\контест с++ задача мост.cpp(153): error C4430: отсутствует спецификатор типа - предполагается int. Примечание. C++ не поддерживает int по умолчанию
     1>c:\users\limon\onedrive\документы\visual studio 2010\projects\контест с++ задача мост\контест с++ задача мост\контест с++ задача мост.cpp(155): warning C4183: who_are_you: отсутствие возвращаемого типа; предполагается функция-член, возвращающая "int"
     1>c:\users\limon\onedrive\документы\visual studio 2010\projects\контест с++ задача мост\контест с++ задача мост\контест с++ задача мост.cpp(152): error C3668: RedTriangle::who_are_you: метод со спецификатором переопределения "override" не переопределяет какие-либо методы базового класса
     1>c:\users\limon\onedrive\документы\visual studio 2010\projects\контест с++ задача мост\контест с++ задача мост\контест с++ задача мост.cpp(154): error C2440: return: невозможно преобразовать "const char *" в "int"
                 Не существует контекста, в котором такое преобразование возможно
     1>c:\users\limon\onedrive\документы\visual studio 2010\projects\контест с++ задача мост\контест с++ задача мост\контест с++ задача мост.cpp(162): error C2039: string: не является членом "std"
     1>c:\users\limon\onedrive\документы\visual studio 2010\projects\контест с++ задача мост\контест с++ задача мост\контест с++ задача мост.cpp(162): error C2146: синтаксическая ошибка: отсутствие ";" перед идентификатором "who_are_you"
     1>c:\users\limon\onedrive\документы\visual studio 2010\projects\контест с++ задача мост\контест с++ задача мост\контест с++ задача мост.cpp(162): error C2433: RedRectangle::string: "virtual" не разрешается для объявлений данных
     1>c:\users\limon\onedrive\документы\visual studio 2010\projects\контест с++ задача мост\контест с++ задача мост\контест с++ задача мост.cpp(162): error C4430: отсутствует спецификатор типа - предполагается int. Примечание. C++ не поддерживает int по умолчанию
     1>c:\users\limon\onedrive\документы\visual studio 2010\projects\контест с++ задача мост\контест с++ задача мост\контест с++ задача мост.cpp(163): error C4430: отсутствует спецификатор типа - предполагается int. Примечание. C++ не поддерживает int по умолчанию
     1>c:\users\limon\onedrive\документы\visual studio 2010\projects\контест с++ задача мост\контест с++ задача мост\контест с++ задача мост.cpp(165): warning C4183: who_are_you: отсутствие возвращаемого типа; предполагается функция-член, возвращающая "int"
     1>c:\users\limon\onedrive\документы\visual studio 2010\projects\контест с++ задача мост\контест с++ задача мост\контест с++ задача мост.cpp(162): error C3668: RedRectangle::who_are_you: метод со спецификатором переопределения "override" не переопределяет какие-либо методы базового класса
     1>c:\users\limon\onedrive\документы\visual studio 2010\projects\контест с++ задача мост\контест с++ задача мост\контест с++ задача мост.cpp(164): error C2440: return: невозможно преобразовать "const char *" в "int"
                 Не существует контекста, в котором такое преобразование возможно
     1>c:\users\limon\onedrive\документы\visual studio 2010\projects\контест с++ задача мост\контест с++ задача мост\контест с++ задача мост.cpp(172): error C2039: string: не является членом "std"
     1>c:\users\limon\onedrive\документы\visual studio 2010\projects\контест с++ задача мост\контест с++ задача мост\контест с++ задача мост.cpp(172): error C2146: синтаксическая ошибка: отсутствие ";" перед идентификатором "who_are_you"
     1>c:\users\limon\onedrive\документы\visual studio 2010\projects\контест с++ задача мост\контест с++ задача мост\контест с++ задача мост.cpp(172): error C2433: RedSquare::string: "virtual" не разрешается для объявлений данных
     1>c:\users\limon\onedrive\документы\visual studio 2010\projects\контест с++ задача мост\контест с++ задача мост\контест с++ задача мост.cpp(172): error C4430: отсутствует спецификатор типа - предполагается int. Примечание. C++ не поддерживает int по умолчанию
     1>c:\users\limon\onedrive\документы\visual studio 2010\projects\контест с++ задача мост\контест с++ задача мост\контест с++ задача мост.cpp(173): error C4430: отсутствует спецификатор типа - предполагается int. Примечание. C++ не поддерживает int по умолчанию
     1>c:\users\limon\onedrive\документы\visual studio 2010\projects\контест с++ задача мост\контест с++ задача мост\контест с++ задача мост.cpp(175): warning C4183: who_are_you: отсутствие возвращаемого типа; предполагается функция-член, возвращающая "int"
     1>c:\users\limon\onedrive\документы\visual studio 2010\projects\контест с++ задача мост\контест с++ задача мост\контест с++ задача мост.cpp(172): error C3668: RedSquare::who_are_you: метод со спецификатором переопределения "override" не переопределяет какие-либо методы базового класса
     1>c:\users\limon\onedrive\документы\visual studio 2010\projects\контест с++ задача мост\контест с++ задача мост\контест с++ задача мост.cpp(174): error C2440: return: невозможно преобразовать "const char *" в "int"
                 Не существует контекста, в котором такое преобразование возможно
     1>c:\users\limon\onedrive\документы\visual studio 2010\projects\контест с++ задача мост\контест с++ задача мост\контест с++ задача мост.cpp(182): error C2039: string: не является членом "std"
     1>c:\users\limon\onedrive\документы\visual studio 2010\projects\контест с++ задача мост\контест с++ задача мост\контест с++ задача мост.cpp(182): error C2146: синтаксическая ошибка: отсутствие ";" перед идентификатором "who_are_you"
     1>c:\users\limon\onedrive\документы\visual studio 2010\projects\контест с++ задача мост\контест с++ задача мост\контест с++ задача мост.cpp(182): error C2433: BlueTriangle::string: "virtual" не разрешается для объявлений данных
     1>c:\users\limon\onedrive\документы\visual studio 2010\projects\контест с++ задача мост\контест с++ задача мост\контест с++ задача мост.cpp(182): error C4430: отсутствует спецификатор типа - предполагается int. Примечание. C++ не поддерживает int по умолчанию
     1>c:\users\limon\onedrive\документы\visual studio 2010\projects\контест с++ задача мост\контест с++ задача мост\контест с++ задача мост.cpp(183): error C4430: отсутствует спецификатор типа - предполагается int. Примечание. C++ не поддерживает int по умолчанию
     1>c:\users\limon\onedrive\документы\visual studio 2010\projects\контест с++ задача мост\контест с++ задача мост\контест с++ задача мост.cpp(185): warning C4183: who_are_you: отсутствие возвращаемого типа; предполагается функция-член, возвращающая "int"
     1>c:\users\limon\onedrive\документы\visual studio 2010\projects\контест с++ задача мост\контест с++ задача мост\контест с++ задача мост.cpp(182): error C3668: BlueTriangle::who_are_you: метод со спецификатором переопределения "override" не переопределяет какие-либо методы базового класса
     1>c:\users\limon\onedrive\документы\visual studio 2010\projects\контест с++ задача мост\контест с++ задача мост\контест с++ задача мост.cpp(184): error C2440: return: невозможно преобразовать "const char *" в "int"
                 Не существует контекста, в котором такое преобразование возможно
     1>c:\users\limon\onedrive\документы\visual studio 2010\projects\контест с++ задача мост\контест с++ задача мост\контест с++ задача мост.cpp(192): error C2039: string: не является членом "std"
     1>c:\users\limon\onedrive\документы\visual studio 2010\projects\контест с++ задача мост\контест с++ задача мост\контест с++ задача мост.cpp(192): error C2146: синтаксическая ошибка: отсутствие ";" перед идентификатором "who_are_you"
     1>c:\users\limon\onedrive\документы\visual studio 2010\projects\контест с++ задача мост\контест с++ задача мост\контест с++ задача мост.cpp(192): error C2433: BlueRectangle::string: "virtual" не разрешается для объявлений данных
     1>c:\users\limon\onedrive\документы\visual studio 2010\projects\контест с++ задача мост\контест с++ задача мост\контест с++ задача мост.cpp(192): error C4430: отсутствует спецификатор типа - предполагается int. Примечание. C++ не поддерживает int по умолчанию
     1>c:\users\limon\onedrive\документы\visual studio 2010\projects\контест с++ задача мост\контест с++ задача мост\контест с++ задача мост.cpp(193): error C4430: отсутствует спецификатор типа - предполагается int. Примечание. C++ не поддерживает int по умолчанию
     1>c:\users\limon\onedrive\документы\visual studio 2010\projects\контест с++ задача мост\контест с++ задача мост\контест с++ задача мост.cpp(195): warning C4183: who_are_you: отсутствие возвращаемого типа; предполагается функция-член, возвращающая "int"
     1>c:\users\limon\onedrive\документы\visual studio 2010\projects\контест с++ задача мост\контест с++ задача мост\контест с++ задача мост.cpp(192): error C3668: BlueRectangle::who_are_you: метод со спецификатором переопределения "override" не переопределяет какие-либо методы базового класса
     1>c:\users\limon\onedrive\документы\visual studio 2010\projects\контест с++ задача мост\контест с++ задача мост\контест с++ задача мост.cpp(194): error C2440: return: невозможно преобразовать "const char *" в "int"
                 Не существует контекста, в котором такое преобразование возможно
     1>c:\users\limon\onedrive\документы\visual studio 2010\projects\контест с++ задача мост\контест с++ задача мост\контест с++ задача мост.cpp(202): error C2039: string: не является членом "std"
     1>c:\users\limon\onedrive\документы\visual studio 2010\projects\контест с++ задача мост\контест с++ задача мост\контест с++ задача мост.cpp(202): error C2146: синтаксическая ошибка: отсутствие ";" перед идентификатором "who_are_you"
     1>c:\users\limon\onedrive\документы\visual studio 2010\projects\контест с++ задача мост\контест с++ задача мост\контест с++ задача мост.cpp(202): error C2433: BlueSquare::string: "virtual" не разрешается для объявлений данных
     1>c:\users\limon\onedrive\документы\visual studio 2010\projects\контест с++ задача мост\контест с++ задача мост\контест с++ задача мост.cpp(202): error C4430: отсутствует спецификатор типа - предполагается int. Примечание. C++ не поддерживает int по умолчанию
     1>c:\users\limon\onedrive\документы\visual studio 2010\projects\контест с++ задача мост\контест с++ задача мост\контест с++ задача мост.cpp(203): error C4430: отсутствует спецификатор типа - предполагается int. Примечание. C++ не поддерживает int по умолчанию
     1>c:\users\limon\onedrive\документы\visual studio 2010\projects\контест с++ задача мост\контест с++ задача мост\контест с++ задача мост.cpp(205): warning C4183: who_are_you: отсутствие возвращаемого типа; предполагается функция-член, возвращающая "int"
     1>c:\users\limon\onedrive\документы\visual studio 2010\projects\контест с++ задача мост\контест с++ задача мост\контест с++ задача мост.cpp(202): error C3668: BlueSquare::who_are_you: метод со спецификатором переопределения "override" не переопределяет какие-либо методы базового класса
     1>c:\users\limon\onedrive\документы\visual studio 2010\projects\контест с++ задача мост\контест с++ задача мост\контест с++ задача мост.cpp(204): error C2440: return: невозможно преобразовать "const char *" в "int"
                 Не существует контекста, в котором такое преобразование возможно
     1>Построение проекта "c:\Users\limon\OneDrive\документы\visual studio 2010\Projects\Контест С++ Задача Мост\Контест С++ Задача Мост\Контест С++ Задача Мост.vcxproj" завершено (целевые объекты build) с ошибкой.

СБОЙ построения.

Затраченное время: 00:00:00.18
